{"D:\\Office\\Loker\\waizly\\todo-app\\src\\App.tsx": {"path":"D:\\Office\\Loker\\waizly\\todo-app\\src\\App.tsx","statementMap":{"0":{"start":{"line":1,"column":0},"end":{"line":1,"column":43}},"1":{"start":{"line":2,"column":0},"end":{"line":2,"column":18}},"2":{"start":{"line":3,"column":0},"end":{"line":3,"column":48}},"3":{"start":{"line":4,"column":0},"end":{"line":4,"column":51}},"4":{"start":{"line":5,"column":0},"end":{"line":5,"column":50}},"5":{"start":{"line":6,"column":0},"end":{"line":6,"column":41}},"6":{"start":{"line":7,"column":0},"end":{"line":7,"column":43}},"7":{"start":{"line":8,"column":0},"end":{"line":8,"column":41}},"8":{"start":{"line":11,"column":34},"end":{"line":11,"column":53}},"9":{"start":{"line":12,"column":36},"end":{"line":12,"column":60}},"10":{"start":{"line":13,"column":32},"end":{"line":13,"column":52}},"11":{"start":{"line":14,"column":32},"end":{"line":14,"column":52}},"12":{"start":{"line":16,"column":24},"end":{"line":31,"column":3}},"13":{"start":{"line":17,"column":4},"end":{"line":30,"column":5}},"14":{"start":{"line":18,"column":6},"end":{"line":18,"column":25}},"15":{"start":{"line":19,"column":19},"end":{"line":19,"column":51}},"16":{"start":{"line":21,"column":17},"end":{"line":24,"column":9}},"17":{"start":{"line":21,"column":60},"end":{"line":24,"column":8}},"18":{"start":{"line":26,"column":6},"end":{"line":26,"column":24}},"19":{"start":{"line":27,"column":6},"end":{"line":27,"column":26}},"20":{"start":{"line":29,"column":6},"end":{"line":29,"column":26}},"21":{"start":{"line":33,"column":2},"end":{"line":35,"column":9}},"22":{"start":{"line":34,"column":4},"end":{"line":34,"column":20}},"23":{"start":{"line":37,"column":2},"end":{"line":41,"column":23}},"24":{"start":{"line":38,"column":4},"end":{"line":40,"column":5}},"25":{"start":{"line":39,"column":6},"end":{"line":39,"column":22}},"26":{"start":{"line":43,"column":29},"end":{"line":57,"column":3}},"27":{"start":{"line":44,"column":4},"end":{"line":44,"column":32}},"28":{"start":{"line":46,"column":15},"end":{"line":54,"column":6}},"29":{"start":{"line":47,"column":6},"end":{"line":53,"column":7}},"30":{"start":{"line":52,"column":8},"end":{"line":52,"column":20}},"31":{"start":{"line":56,"column":4},"end":{"line":56,"column":22}},"32":{"start":{"line":59,"column":31},"end":{"line":72,"column":3}},"33":{"start":{"line":60,"column":15},"end":{"line":69,"column":6}},"34":{"start":{"line":61,"column":6},"end":{"line":68,"column":7}},"35":{"start":{"line":62,"column":8},"end":{"line":65,"column":11}},"36":{"start":{"line":67,"column":8},"end":{"line":67,"column":20}},"37":{"start":{"line":71,"column":4},"end":{"line":71,"column":22}},"38":{"start":{"line":74,"column":24},"end":{"line":86,"column":3}},"39":{"start":{"line":75,"column":15},"end":{"line":75,"column":51}},"40":{"start":{"line":77,"column":17},"end":{"line":82,"column":6}},"41":{"start":{"line":84,"column":4},"end":{"line":84,"column":43}},"42":{"start":{"line":84,"column":26},"end":{"line":84,"column":41}},"43":{"start":{"line":85,"column":4},"end":{"line":85,"column":19}},"44":{"start":{"line":88,"column":31},"end":{"line":101,"column":3}},"45":{"start":{"line":89,"column":15},"end":{"line":98,"column":6}},"46":{"start":{"line":90,"column":6},"end":{"line":97,"column":7}},"47":{"start":{"line":91,"column":8},"end":{"line":94,"column":11}},"48":{"start":{"line":96,"column":8},"end":{"line":96,"column":20}},"49":{"start":{"line":100,"column":4},"end":{"line":100,"column":22}},"50":{"start":{"line":103,"column":25},"end":{"line":116,"column":3}},"51":{"start":{"line":104,"column":15},"end":{"line":113,"column":6}},"52":{"start":{"line":105,"column":6},"end":{"line":112,"column":7}},"53":{"start":{"line":106,"column":8},"end":{"line":109,"column":11}},"54":{"start":{"line":111,"column":8},"end":{"line":111,"column":20}},"55":{"start":{"line":115,"column":4},"end":{"line":115,"column":22}},"56":{"start":{"line":118,"column":27},"end":{"line":122,"column":3}},"57":{"start":{"line":119,"column":15},"end":{"line":119,"column":61}},"58":{"start":{"line":119,"column":46},"end":{"line":119,"column":60}},"59":{"start":{"line":121,"column":4},"end":{"line":121,"column":22}},"60":{"start":{"line":124,"column":33},"end":{"line":128,"column":3}},"61":{"start":{"line":125,"column":15},"end":{"line":125,"column":69}},"62":{"start":{"line":125,"column":46},"end":{"line":125,"column":68}},"63":{"start":{"line":127,"column":4},"end":{"line":127,"column":22}},"64":{"start":{"line":130,"column":35},"end":{"line":142,"column":3}},"65":{"start":{"line":131,"column":15},"end":{"line":139,"column":6}},"66":{"start":{"line":132,"column":6},"end":{"line":138,"column":25}},"67":{"start":{"line":133,"column":8},"end":{"line":137,"column":null}},"68":{"start":{"line":138,"column":13},"end":{"line":138,"column":25}},"69":{"start":{"line":141,"column":4},"end":{"line":141,"column":22}},"70":{"start":{"line":144,"column":26},"end":{"line":146,"column":3}},"71":{"start":{"line":145,"column":4},"end":{"line":145,"column":20}},"72":{"start":{"line":148,"column":2},"end":{"line":218,"column":null}},"73":{"start":{"line":163,"column":29},"end":{"line":163,"column":55}},"74":{"start":{"line":204,"column":16},"end":{"line":205,"column":null}},"75":{"start":{"line":221,"column":0},"end":{"line":221,"column":null}}},"fnMap":{"0":{"name":"App","decl":{"start":{"line":10,"column":9},"end":{"line":10,"column":12}},"loc":{"start":{"line":10,"column":12},"end":{"line":219,"column":1}}},"1":{"name":"(anonymous_1)","decl":{"start":{"line":16,"column":24},"end":{"line":16,"column":29}},"loc":{"start":{"line":16,"column":35},"end":{"line":31,"column":3}}},"2":{"name":"(anonymous_2)","decl":{"start":{"line":21,"column":44},"end":{"line":21,"column":45}},"loc":{"start":{"line":21,"column":60},"end":{"line":24,"column":8}}},"3":{"name":"(anonymous_3)","decl":{"start":{"line":33,"column":12},"end":{"line":33,"column":15}},"loc":{"start":{"line":33,"column":17},"end":{"line":35,"column":3}}},"4":{"name":"(anonymous_4)","decl":{"start":{"line":37,"column":12},"end":{"line":37,"column":15}},"loc":{"start":{"line":37,"column":17},"end":{"line":41,"column":3}}},"5":{"name":"(anonymous_5)","decl":{"start":{"line":43,"column":29},"end":{"line":43,"column":30}},"loc":{"start":{"line":43,"column":40},"end":{"line":57,"column":3}}},"6":{"name":"(anonymous_6)","decl":{"start":{"line":46,"column":31},"end":{"line":46,"column":35}},"loc":{"start":{"line":46,"column":38},"end":{"line":54,"column":5}}},"7":{"name":"(anonymous_7)","decl":{"start":{"line":59,"column":31},"end":{"line":59,"column":32}},"loc":{"start":{"line":59,"column":46},"end":{"line":72,"column":3}}},"8":{"name":"(anonymous_8)","decl":{"start":{"line":60,"column":28},"end":{"line":60,"column":29}},"loc":{"start":{"line":60,"column":42},"end":{"line":69,"column":5}}},"9":{"name":"(anonymous_9)","decl":{"start":{"line":74,"column":24},"end":{"line":74,"column":27}},"loc":{"start":{"line":74,"column":29},"end":{"line":86,"column":3}}},"10":{"name":"(anonymous_10)","decl":{"start":{"line":84,"column":16},"end":{"line":84,"column":17}},"loc":{"start":{"line":84,"column":26},"end":{"line":84,"column":41}}},"11":{"name":"(anonymous_11)","decl":{"start":{"line":88,"column":31},"end":{"line":88,"column":32}},"loc":{"start":{"line":88,"column":46},"end":{"line":101,"column":3}}},"12":{"name":"(anonymous_12)","decl":{"start":{"line":89,"column":28},"end":{"line":89,"column":29}},"loc":{"start":{"line":89,"column":42},"end":{"line":98,"column":5}}},"13":{"name":"(anonymous_13)","decl":{"start":{"line":103,"column":25},"end":{"line":103,"column":26}},"loc":{"start":{"line":103,"column":55},"end":{"line":116,"column":3}}},"14":{"name":"(anonymous_14)","decl":{"start":{"line":104,"column":28},"end":{"line":104,"column":29}},"loc":{"start":{"line":104,"column":42},"end":{"line":113,"column":5}}},"15":{"name":"(anonymous_15)","decl":{"start":{"line":118,"column":27},"end":{"line":118,"column":28}},"loc":{"start":{"line":118,"column":42},"end":{"line":122,"column":3}}},"16":{"name":"(anonymous_16)","decl":{"start":{"line":119,"column":31},"end":{"line":119,"column":32}},"loc":{"start":{"line":119,"column":46},"end":{"line":119,"column":60}}},"17":{"name":"(anonymous_17)","decl":{"start":{"line":124,"column":33},"end":{"line":124,"column":36}},"loc":{"start":{"line":124,"column":38},"end":{"line":128,"column":3}}},"18":{"name":"(anonymous_18)","decl":{"start":{"line":125,"column":31},"end":{"line":125,"column":32}},"loc":{"start":{"line":125,"column":46},"end":{"line":125,"column":68}}},"19":{"name":"(anonymous_19)","decl":{"start":{"line":130,"column":35},"end":{"line":130,"column":38}},"loc":{"start":{"line":130,"column":40},"end":{"line":142,"column":3}}},"20":{"name":"(anonymous_20)","decl":{"start":{"line":131,"column":28},"end":{"line":131,"column":29}},"loc":{"start":{"line":131,"column":42},"end":{"line":139,"column":5}}},"21":{"name":"(anonymous_21)","decl":{"start":{"line":144,"column":26},"end":{"line":144,"column":29}},"loc":{"start":{"line":144,"column":31},"end":{"line":146,"column":3}}},"22":{"name":"(anonymous_22)","decl":{"start":{"line":163,"column":22},"end":{"line":163,"column":23}},"loc":{"start":{"line":163,"column":29},"end":{"line":163,"column":55}}},"23":{"name":"(anonymous_23)","decl":{"start":{"line":203,"column":27},"end":{"line":203,"column":28}},"loc":{"start":{"line":204,"column":16},"end":{"line":205,"column":null}}}},"branchMap":{"0":{"loc":{"start":{"line":38,"column":4},"end":{"line":40,"column":5}},"type":"if","locations":[{"start":{"line":38,"column":4},"end":{"line":40,"column":5}}]},"1":{"loc":{"start":{"line":47,"column":6},"end":{"line":53,"column":7}},"type":"if","locations":[{"start":{"line":47,"column":6},"end":{"line":53,"column":7}}]},"2":{"loc":{"start":{"line":61,"column":6},"end":{"line":68,"column":7}},"type":"if","locations":[{"start":{"line":61,"column":6},"end":{"line":68,"column":7}},{"start":{"line":66,"column":13},"end":{"line":68,"column":7}}]},"3":{"loc":{"start":{"line":90,"column":6},"end":{"line":97,"column":7}},"type":"if","locations":[{"start":{"line":90,"column":6},"end":{"line":97,"column":7}},{"start":{"line":95,"column":13},"end":{"line":97,"column":7}}]},"4":{"loc":{"start":{"line":105,"column":6},"end":{"line":112,"column":7}},"type":"if","locations":[{"start":{"line":105,"column":6},"end":{"line":112,"column":7}},{"start":{"line":110,"column":13},"end":{"line":112,"column":7}}]},"5":{"loc":{"start":{"line":132,"column":6},"end":{"line":138,"column":25}},"type":"if","locations":[{"start":{"line":132,"column":6},"end":{"line":138,"column":25}},{"start":{"line":138,"column":13},"end":{"line":138,"column":25}}]},"6":{"loc":{"start":{"line":196,"column":11},"end":{"line":212,"column":null}},"type":"cond-expr","locations":[{"start":{"line":197,"column":12},"end":{"line":200,"column":null}},{"start":{"line":203,"column":14},"end":{"line":212,"column":16}}]}},"s":{"0":1,"1":1,"2":1,"3":1,"4":1,"5":1,"6":1,"7":1,"8":2,"9":2,"10":2,"11":2,"12":2,"13":2,"14":2,"15":2,"16":0,"17":0,"18":0,"19":0,"20":0,"21":2,"22":1,"23":2,"24":1,"25":1,"26":2,"27":0,"28":0,"29":0,"30":0,"31":0,"32":2,"33":0,"34":0,"35":0,"36":0,"37":0,"38":2,"39":0,"40":0,"41":0,"42":0,"43":0,"44":2,"45":0,"46":0,"47":0,"48":0,"49":0,"50":2,"51":0,"52":0,"53":0,"54":0,"55":0,"56":2,"57":0,"58":0,"59":0,"60":2,"61":0,"62":0,"63":0,"64":2,"65":0,"66":0,"67":0,"68":0,"69":0,"70":2,"71":0,"72":2,"73":0,"74":0,"75":1},"f":{"0":2,"1":2,"2":0,"3":1,"4":1,"5":0,"6":0,"7":0,"8":0,"9":0,"10":0,"11":0,"12":0,"13":0,"14":0,"15":0,"16":0,"17":0,"18":0,"19":0,"20":0,"21":0,"22":0,"23":0},"b":{"0":[1],"1":[0],"2":[0,0],"3":[0,0],"4":[0,0],"5":[0,0],"6":[1,1]}}
,"D:\\Office\\Loker\\waizly\\todo-app\\src\\main.tsx": {"path":"D:\\Office\\Loker\\waizly\\todo-app\\src\\main.tsx","statementMap":{"0":{"start":{"line":1,"column":0},"end":{"line":1,"column":34}},"1":{"start":{"line":2,"column":0},"end":{"line":2,"column":45}},"2":{"start":{"line":3,"column":0},"end":{"line":3,"column":20}},"3":{"start":{"line":4,"column":0},"end":{"line":4,"column":27}},"4":{"start":{"line":6,"column":0},"end":{"line":10,"column":null}}},"fnMap":{},"branchMap":{},"s":{"0":0,"1":0,"2":0,"3":0,"4":0},"f":{},"b":{}}
,"D:\\Office\\Loker\\waizly\\todo-app\\src\\vite-env.d.ts": {"path":"D:\\Office\\Loker\\waizly\\todo-app\\src\\vite-env.d.ts","statementMap":{},"fnMap":{},"branchMap":{},"s":{},"f":{},"b":{}}
,"D:\\Office\\Loker\\waizly\\todo-app\\src\\@types\\components\\atoms.d.ts": {"path":"D:\\Office\\Loker\\waizly\\todo-app\\src\\@types\\components\\atoms.d.ts","statementMap":{},"fnMap":{},"branchMap":{},"s":{},"f":{},"b":{}}
,"D:\\Office\\Loker\\waizly\\todo-app\\src\\@types\\components\\molecules.d.ts": {"path":"D:\\Office\\Loker\\waizly\\todo-app\\src\\@types\\components\\molecules.d.ts","statementMap":{},"fnMap":{},"branchMap":{},"s":{},"f":{},"b":{}}
,"D:\\Office\\Loker\\waizly\\todo-app\\src\\@types\\components\\organisms.d.ts": {"path":"D:\\Office\\Loker\\waizly\\todo-app\\src\\@types\\components\\organisms.d.ts","statementMap":{},"fnMap":{},"branchMap":{},"s":{},"f":{},"b":{}}
,"D:\\Office\\Loker\\waizly\\todo-app\\src\\components\\atoms\\index.ts": {"path":"D:\\Office\\Loker\\waizly\\todo-app\\src\\components\\atoms\\index.ts","statementMap":{"0":{"start":{"line":1,"column":0},"end":{"line":1,"column":9}},"1":{"start":{"line":1,"column":9},"end":{"line":1,"column":26}},"2":{"start":{"line":2,"column":0},"end":{"line":2,"column":9}},"3":{"start":{"line":2,"column":9},"end":{"line":2,"column":25}}},"fnMap":{"0":{"name":"(anonymous_1)","decl":{"start":{"line":1,"column":9},"end":{"line":1,"column":16}},"loc":{"start":{"line":1,"column":9},"end":{"line":1,"column":26}}},"1":{"name":"(anonymous_2)","decl":{"start":{"line":2,"column":9},"end":{"line":2,"column":16}},"loc":{"start":{"line":2,"column":9},"end":{"line":2,"column":25}}}},"branchMap":{},"s":{"0":1,"1":9,"2":1,"3":5},"f":{"0":8,"1":4},"b":{}}
,"D:\\Office\\Loker\\waizly\\todo-app\\src\\components\\atoms\\Button\\index.tsx": {"path":"D:\\Office\\Loker\\waizly\\todo-app\\src\\components\\atoms\\Button\\index.tsx","statementMap":{"0":{"start":{"line":1,"column":0},"end":{"line":1,"column":34}},"1":{"start":{"line":2,"column":0},"end":{"line":2,"column":36}},"2":{"start":{"line":5,"column":15},"end":{"line":39,"column":1}},"3":{"start":{"line":13,"column":2},"end":{"line":21,"column":9}},"4":{"start":{"line":14,"column":17},"end":{"line":17,"column":5}},"5":{"start":{"line":15,"column":34},"end":{"line":15,"column":61}},"6":{"start":{"line":16,"column":6},"end":{"line":16,"column":26}},"7":{"start":{"line":19,"column":4},"end":{"line":19,"column":11}},"8":{"start":{"line":23,"column":2},"end":{"line":38,"column":4}},"9":{"start":{"line":41,"column":0},"end":{"line":41,"column":22}}},"fnMap":{"0":{"name":"(anonymous_7)","decl":{"start":{"line":5,"column":15},"end":{"line":5,"column":16}},"loc":{"start":{"line":11,"column":19},"end":{"line":39,"column":1}}},"1":{"name":"(anonymous_8)","decl":{"start":{"line":13,"column":12},"end":{"line":13,"column":15}},"loc":{"start":{"line":13,"column":17},"end":{"line":21,"column":3}}},"2":{"name":"(anonymous_9)","decl":{"start":{"line":14,"column":17},"end":{"line":14,"column":22}},"loc":{"start":{"line":14,"column":28},"end":{"line":17,"column":5}}},"3":{"name":"(anonymous_10)","decl":{"start":{"line":15,"column":34},"end":{"line":15,"column":47}},"loc":{"start":{"line":15,"column":34},"end":{"line":15,"column":61}}}},"branchMap":{},"s":{"0":1,"1":1,"2":1,"3":8,"4":4,"5":8,"6":4,"7":4,"8":8,"9":1},"f":{"0":8,"1":4,"2":4,"3":4},"b":{}}
,"D:\\Office\\Loker\\waizly\\todo-app\\src\\components\\atoms\\Input\\index.tsx": {"path":"D:\\Office\\Loker\\waizly\\todo-app\\src\\components\\atoms\\Input\\index.tsx","statementMap":{"0":{"start":{"line":2,"column":0},"end":{"line":2,"column":35}},"1":{"start":{"line":4,"column":14},"end":{"line":42,"column":1}},"2":{"start":{"line":12,"column":2},"end":{"line":25,"column":3}},"3":{"start":{"line":13,"column":4},"end":{"line":24,"column":6}},"4":{"start":{"line":27,"column":2},"end":{"line":41,"column":null}},"5":{"start":{"line":44,"column":0},"end":{"line":44,"column":21}}},"fnMap":{"0":{"name":"(anonymous_1)","decl":{"start":{"line":4,"column":14},"end":{"line":4,"column":15}},"loc":{"start":{"line":10,"column":18},"end":{"line":42,"column":1}}}},"branchMap":{"0":{"loc":{"start":{"line":12,"column":2},"end":{"line":25,"column":3}},"type":"if","locations":[{"start":{"line":12,"column":2},"end":{"line":25,"column":3}}]}},"s":{"0":1,"1":1,"2":4,"3":0,"4":4,"5":1},"f":{"0":4},"b":{"0":[0]}}
,"D:\\Office\\Loker\\waizly\\todo-app\\src\\components\\molecules\\index.ts": {"path":"D:\\Office\\Loker\\waizly\\todo-app\\src\\components\\molecules\\index.ts","statementMap":{"0":{"start":{"line":1,"column":0},"end":{"line":1,"column":9}},"1":{"start":{"line":1,"column":9},"end":{"line":1,"column":28}}},"fnMap":{"0":{"name":"(anonymous_1)","decl":{"start":{"line":1,"column":9},"end":{"line":1,"column":16}},"loc":{"start":{"line":1,"column":9},"end":{"line":1,"column":28}}}},"branchMap":{},"s":{"0":1,"1":1},"f":{"0":0},"b":{}}
,"D:\\Office\\Loker\\waizly\\todo-app\\src\\components\\molecules\\Dropdown\\index.tsx": {"path":"D:\\Office\\Loker\\waizly\\todo-app\\src\\components\\molecules\\Dropdown\\index.tsx","statementMap":{"0":{"start":{"line":1,"column":0},"end":{"line":1,"column":89}},"1":{"start":{"line":2,"column":0},"end":{"line":2,"column":45}},"2":{"start":{"line":5,"column":17},"end":{"line":87,"column":1}},"3":{"start":{"line":9,"column":2},"end":{"line":17,"column":9}},"4":{"start":{"line":10,"column":17},"end":{"line":13,"column":5}},"5":{"start":{"line":11,"column":36},"end":{"line":11,"column":63}},"6":{"start":{"line":12,"column":6},"end":{"line":12,"column":28}},"7":{"start":{"line":15,"column":4},"end":{"line":15,"column":11}},"8":{"start":{"line":19,"column":21},"end":{"line":37,"column":3}},"9":{"start":{"line":20,"column":4},"end":{"line":36,"column":18}},"10":{"start":{"line":21,"column":6},"end":{"line":35,"column":8}},"11":{"start":{"line":36,"column":11},"end":{"line":36,"column":18}},"12":{"start":{"line":39,"column":2},"end":{"line":86,"column":4}},"13":{"start":{"line":89,"column":0},"end":{"line":89,"column":24}}},"fnMap":{"0":{"name":"(anonymous_6)","decl":{"start":{"line":5,"column":17},"end":{"line":5,"column":18}},"loc":{"start":{"line":7,"column":21},"end":{"line":87,"column":1}}},"1":{"name":"(anonymous_7)","decl":{"start":{"line":9,"column":12},"end":{"line":9,"column":15}},"loc":{"start":{"line":9,"column":17},"end":{"line":17,"column":3}}},"2":{"name":"(anonymous_8)","decl":{"start":{"line":10,"column":17},"end":{"line":10,"column":22}},"loc":{"start":{"line":10,"column":28},"end":{"line":13,"column":5}}},"3":{"name":"(anonymous_9)","decl":{"start":{"line":11,"column":36},"end":{"line":11,"column":49}},"loc":{"start":{"line":11,"column":36},"end":{"line":11,"column":63}}},"4":{"name":"(anonymous_10)","decl":{"start":{"line":19,"column":21},"end":{"line":19,"column":22}},"loc":{"start":{"line":19,"column":46},"end":{"line":37,"column":3}}}},"branchMap":{"0":{"loc":{"start":{"line":20,"column":4},"end":{"line":36,"column":18}},"type":"if","locations":[{"start":{"line":20,"column":4},"end":{"line":36,"column":18}},{"start":{"line":36,"column":11},"end":{"line":36,"column":18}}]}},"s":{"0":1,"1":1,"2":1,"3":0,"4":0,"5":0,"6":0,"7":0,"8":0,"9":0,"10":0,"11":0,"12":0,"13":1},"f":{"0":0,"1":0,"2":0,"3":0,"4":0},"b":{"0":[0,0]}}
,"D:\\Office\\Loker\\waizly\\todo-app\\src\\components\\organisms\\index.ts": {"path":"D:\\Office\\Loker\\waizly\\todo-app\\src\\components\\organisms\\index.ts","statementMap":{"0":{"start":{"line":1,"column":0},"end":{"line":1,"column":9}},"1":{"start":{"line":1,"column":9},"end":{"line":1,"column":26}},"2":{"start":{"line":2,"column":0},"end":{"line":2,"column":9}},"3":{"start":{"line":2,"column":9},"end":{"line":2,"column":26}},"4":{"start":{"line":3,"column":0},"end":{"line":3,"column":9}},"5":{"start":{"line":3,"column":9},"end":{"line":3,"column":28}}},"fnMap":{"0":{"name":"(anonymous_1)","decl":{"start":{"line":1,"column":9},"end":{"line":1,"column":16}},"loc":{"start":{"line":1,"column":9},"end":{"line":1,"column":26}}},"1":{"name":"(anonymous_2)","decl":{"start":{"line":2,"column":9},"end":{"line":2,"column":16}},"loc":{"start":{"line":2,"column":9},"end":{"line":2,"column":26}}},"2":{"name":"(anonymous_3)","decl":{"start":{"line":3,"column":9},"end":{"line":3,"column":16}},"loc":{"start":{"line":3,"column":9},"end":{"line":3,"column":28}}}},"branchMap":{},"s":{"0":1,"1":3,"2":1,"3":3,"4":1,"5":1},"f":{"0":2,"1":2,"2":0},"b":{}}
,"D:\\Office\\Loker\\waizly\\todo-app\\src\\components\\organisms\\Footer\\index.tsx": {"path":"D:\\Office\\Loker\\waizly\\todo-app\\src\\components\\organisms\\Footer\\index.tsx","statementMap":{"0":{"start":{"line":1,"column":15},"end":{"line":6,"column":1}},"1":{"start":{"line":2,"column":2},"end":{"line":5,"column":4}},"2":{"start":{"line":8,"column":0},"end":{"line":8,"column":22}}},"fnMap":{"0":{"name":"(anonymous_0)","decl":{"start":{"line":1,"column":15},"end":{"line":1,"column":18}},"loc":{"start":{"line":1,"column":20},"end":{"line":6,"column":1}}}},"branchMap":{},"s":{"0":1,"1":2,"2":1},"f":{"0":2},"b":{}}
,"D:\\Office\\Loker\\waizly\\todo-app\\src\\components\\organisms\\Header\\index.tsx": {"path":"D:\\Office\\Loker\\waizly\\todo-app\\src\\components\\organisms\\Header\\index.tsx","statementMap":{"0":{"start":{"line":1,"column":15},"end":{"line":7,"column":1}},"1":{"start":{"line":2,"column":2},"end":{"line":6,"column":4}},"2":{"start":{"line":9,"column":0},"end":{"line":9,"column":22}}},"fnMap":{"0":{"name":"(anonymous_0)","decl":{"start":{"line":1,"column":15},"end":{"line":1,"column":18}},"loc":{"start":{"line":1,"column":20},"end":{"line":7,"column":1}}}},"branchMap":{},"s":{"0":1,"1":2,"2":1},"f":{"0":2},"b":{}}
,"D:\\Office\\Loker\\waizly\\todo-app\\src\\components\\organisms\\TodoItem\\index.tsx": {"path":"D:\\Office\\Loker\\waizly\\todo-app\\src\\components\\organisms\\TodoItem\\index.tsx","statementMap":{"0":{"start":{"line":1,"column":0},"end":{"line":1,"column":43}},"1":{"start":{"line":2,"column":0},"end":{"line":2,"column":50}},"2":{"start":{"line":3,"column":0},"end":{"line":3,"column":36}},"3":{"start":{"line":4,"column":0},"end":{"line":4,"column":44}},"4":{"start":{"line":6,"column":0},"end":{"line":6,"column":41}},"5":{"start":{"line":7,"column":0},"end":{"line":7,"column":40}},"6":{"start":{"line":8,"column":0},"end":{"line":8,"column":42}},"7":{"start":{"line":9,"column":0},"end":{"line":9,"column":50}},"8":{"start":{"line":10,"column":0},"end":{"line":10,"column":42}},"9":{"start":{"line":13,"column":17},"end":{"line":114,"column":1}},"10":{"start":{"line":20,"column":30},"end":{"line":20,"column":54}},"11":{"start":{"line":22,"column":2},"end":{"line":29,"column":9}},"12":{"start":{"line":23,"column":17},"end":{"line":26,"column":5}},"13":{"start":{"line":24,"column":34},"end":{"line":24,"column":61}},"14":{"start":{"line":25,"column":6},"end":{"line":25,"column":26}},"15":{"start":{"line":28,"column":4},"end":{"line":28,"column":11}},"16":{"start":{"line":31,"column":26},"end":{"line":36,"column":3}},"17":{"start":{"line":32,"column":4},"end":{"line":35,"column":5}},"18":{"start":{"line":33,"column":6},"end":{"line":33,"column":null}},"19":{"start":{"line":34,"column":6},"end":{"line":34,"column":23}},"20":{"start":{"line":38,"column":2},"end":{"line":113,"column":4}},"21":{"start":{"line":46,"column":26},"end":{"line":46,"column":56}},"22":{"start":{"line":72,"column":27},"end":{"line":72,"column":56}},"23":{"start":{"line":88,"column":27},"end":{"line":88,"column":51}},"24":{"start":{"line":88,"column":45},"end":{"line":88,"column":50}},"25":{"start":{"line":104,"column":27},"end":{"line":104,"column":52}},"26":{"start":{"line":116,"column":0},"end":{"line":116,"column":24}}},"fnMap":{"0":{"name":"(anonymous_7)","decl":{"start":{"line":13,"column":17},"end":{"line":13,"column":18}},"loc":{"start":{"line":19,"column":21},"end":{"line":114,"column":1}}},"1":{"name":"(anonymous_8)","decl":{"start":{"line":22,"column":12},"end":{"line":22,"column":15}},"loc":{"start":{"line":22,"column":17},"end":{"line":29,"column":3}}},"2":{"name":"(anonymous_9)","decl":{"start":{"line":23,"column":17},"end":{"line":23,"column":22}},"loc":{"start":{"line":23,"column":28},"end":{"line":26,"column":5}}},"3":{"name":"(anonymous_10)","decl":{"start":{"line":24,"column":34},"end":{"line":24,"column":47}},"loc":{"start":{"line":24,"column":34},"end":{"line":24,"column":61}}},"4":{"name":"(anonymous_11)","decl":{"start":{"line":31,"column":26},"end":{"line":31,"column":27}},"loc":{"start":{"line":31,"column":36},"end":{"line":36,"column":3}}},"5":{"name":"(anonymous_12)","decl":{"start":{"line":46,"column":20},"end":{"line":46,"column":23}},"loc":{"start":{"line":46,"column":26},"end":{"line":46,"column":56}}},"6":{"name":"(anonymous_13)","decl":{"start":{"line":72,"column":21},"end":{"line":72,"column":24}},"loc":{"start":{"line":72,"column":27},"end":{"line":72,"column":56}}},"7":{"name":"(anonymous_14)","decl":{"start":{"line":88,"column":21},"end":{"line":88,"column":24}},"loc":{"start":{"line":88,"column":27},"end":{"line":88,"column":51}}},"8":{"name":"(anonymous_15)","decl":{"start":{"line":88,"column":37},"end":{"line":88,"column":41}},"loc":{"start":{"line":88,"column":45},"end":{"line":88,"column":50}}},"9":{"name":"(anonymous_16)","decl":{"start":{"line":104,"column":21},"end":{"line":104,"column":24}},"loc":{"start":{"line":104,"column":27},"end":{"line":104,"column":52}}}},"branchMap":{"0":{"loc":{"start":{"line":32,"column":4},"end":{"line":35,"column":5}},"type":"if","locations":[{"start":{"line":32,"column":4},"end":{"line":35,"column":5}}]},"1":{"loc":{"start":{"line":49,"column":11},"end":{"line":65,"column":null}},"type":"cond-expr","locations":[{"start":{"line":50,"column":12},"end":{"line":58,"column":null}},{"start":{"line":61,"column":12},"end":{"line":64,"column":null}}]},"2":{"loc":{"start":{"line":75,"column":13},"end":{"line":84,"column":null}},"type":"cond-expr","locations":[{"start":{"line":76,"column":14},"end":{"line":77,"column":null}},{"start":{"line":81,"column":14},"end":{"line":82,"column":null}}]},"3":{"loc":{"start":{"line":91,"column":13},"end":{"line":100,"column":null}},"type":"cond-expr","locations":[{"start":{"line":92,"column":14},"end":{"line":93,"column":null}},{"start":{"line":97,"column":14},"end":{"line":98,"column":null}}]}},"s":{"0":1,"1":1,"2":1,"3":1,"4":1,"5":1,"6":1,"7":1,"8":1,"9":1,"10":0,"11":0,"12":0,"13":0,"14":0,"15":0,"16":0,"17":0,"18":0,"19":0,"20":0,"21":0,"22":0,"23":0,"24":0,"25":0,"26":1},"f":{"0":0,"1":0,"2":0,"3":0,"4":0,"5":0,"6":0,"7":0,"8":0,"9":0},"b":{"0":[0],"1":[0,0],"2":[0,0],"3":[0,0]}}
,"D:\\Office\\Loker\\waizly\\todo-app\\src\\components\\templates\\index.ts": {"path":"D:\\Office\\Loker\\waizly\\todo-app\\src\\components\\templates\\index.ts","statementMap":{"0":{"start":{"line":1,"column":0},"end":{"line":1,"column":9}},"1":{"start":{"line":1,"column":9},"end":{"line":1,"column":26}}},"fnMap":{"0":{"name":"(anonymous_1)","decl":{"start":{"line":1,"column":9},"end":{"line":1,"column":16}},"loc":{"start":{"line":1,"column":9},"end":{"line":1,"column":26}}}},"branchMap":{},"s":{"0":1,"1":3},"f":{"0":2},"b":{}}
,"D:\\Office\\Loker\\waizly\\todo-app\\src\\components\\templates\\Layout\\index.tsx": {"path":"D:\\Office\\Loker\\waizly\\todo-app\\src\\components\\templates\\Layout\\index.tsx","statementMap":{"0":{"start":{"line":1,"column":0},"end":{"line":1,"column":56}},"1":{"start":{"line":3,"column":15},"end":{"line":11,"column":1}},"2":{"start":{"line":4,"column":2},"end":{"line":10,"column":4}},"3":{"start":{"line":13,"column":0},"end":{"line":13,"column":22}}},"fnMap":{"0":{"name":"(anonymous_0)","decl":{"start":{"line":3,"column":15},"end":{"line":3,"column":16}},"loc":{"start":{"line":3,"column":37},"end":{"line":11,"column":1}}}},"branchMap":{},"s":{"0":1,"1":1,"2":2,"3":1},"f":{"0":2},"b":{}}
,"D:\\Office\\Loker\\waizly\\todo-app\\src\\config\\api\\index.ts": {"path":"D:\\Office\\Loker\\waizly\\todo-app\\src\\config\\api\\index.ts","statementMap":{"0":{"start":{"line":1,"column":0},"end":{"line":1,"column":26}},"1":{"start":{"line":3,"column":22},"end":{"line":5,"column":2}},"2":{"start":{"line":7,"column":0},"end":{"line":7,"column":29}}},"fnMap":{},"branchMap":{},"s":{"0":1,"1":1,"2":1},"f":{},"b":{}}
,"D:\\Office\\Loker\\waizly\\todo-app\\src\\services\\index.ts": {"path":"D:\\Office\\Loker\\waizly\\todo-app\\src\\services\\index.ts","statementMap":{"0":{"start":{"line":1,"column":0},"end":{"line":1,"column":9}},"1":{"start":{"line":1,"column":9},"end":{"line":1,"column":37}}},"fnMap":{"0":{"name":"(anonymous_0)","decl":{"start":{"line":1,"column":9},"end":{"line":1,"column":20}},"loc":{"start":{"line":1,"column":9},"end":{"line":1,"column":37}}}},"branchMap":{},"s":{"0":1,"1":3},"f":{"0":2},"b":{}}
,"D:\\Office\\Loker\\waizly\\todo-app\\src\\services\\todo\\index.tsx": {"path":"D:\\Office\\Loker\\waizly\\todo-app\\src\\services\\todo\\index.tsx","statementMap":{"0":{"start":{"line":1,"column":0},"end":{"line":1,"column":41}},"1":{"start":{"line":3,"column":27},"end":{"line":7,"column":1}},"2":{"start":{"line":4,"column":19},"end":{"line":4,"column":64}},"3":{"start":{"line":6,"column":2},"end":{"line":6,"column":24}},"4":{"start":{"line":3,"column":13},"end":{"line":3,"column":27}}},"fnMap":{"0":{"name":"(anonymous_1)","decl":{"start":{"line":3,"column":27},"end":{"line":3,"column":32}},"loc":{"start":{"line":3,"column":49},"end":{"line":7,"column":1}}}},"branchMap":{},"s":{"0":1,"1":1,"2":2,"3":0,"4":1},"f":{"0":2},"b":{}}
}
