TN:
SF:src\App.tsx
FN:10,App
FN:16,(anonymous_1)
FN:21,(anonymous_2)
FN:33,(anonymous_3)
FN:37,(anonymous_4)
FN:43,(anonymous_5)
FN:46,(anonymous_6)
FN:59,(anonymous_7)
FN:60,(anonymous_8)
FN:74,(anonymous_9)
FN:84,(anonymous_10)
FN:88,(anonymous_11)
FN:89,(anonymous_12)
FN:103,(anonymous_13)
FN:104,(anonymous_14)
FN:118,(anonymous_15)
FN:119,(anonymous_16)
FN:124,(anonymous_17)
FN:125,(anonymous_18)
FN:130,(anonymous_19)
FN:131,(anonymous_20)
FN:144,(anonymous_21)
FN:163,(anonymous_22)
FN:203,(anonymous_23)
FNF:24
FNH:4
FNDA:2,App
FNDA:2,(anonymous_1)
FNDA:0,(anonymous_2)
FNDA:1,(anonymous_3)
FNDA:1,(anonymous_4)
FNDA:0,(anonymous_5)
FNDA:0,(anonymous_6)
FNDA:0,(anonymous_7)
FNDA:0,(anonymous_8)
FNDA:0,(anonymous_9)
FNDA:0,(anonymous_10)
FNDA:0,(anonymous_11)
FNDA:0,(anonymous_12)
FNDA:0,(anonymous_13)
FNDA:0,(anonymous_14)
FNDA:0,(anonymous_15)
FNDA:0,(anonymous_16)
FNDA:0,(anonymous_17)
FNDA:0,(anonymous_18)
FNDA:0,(anonymous_19)
FNDA:0,(anonymous_20)
FNDA:0,(anonymous_21)
FNDA:0,(anonymous_22)
FNDA:0,(anonymous_23)
DA:1,1
DA:2,1
DA:3,1
DA:4,1
DA:5,1
DA:6,1
DA:7,1
DA:8,1
DA:11,2
DA:12,2
DA:13,2
DA:14,2
DA:16,2
DA:17,2
DA:18,2
DA:19,2
DA:21,0
DA:26,0
DA:27,0
DA:29,0
DA:33,2
DA:34,1
DA:37,2
DA:38,1
DA:39,1
DA:43,2
DA:44,0
DA:46,0
DA:47,0
DA:52,0
DA:56,0
DA:59,2
DA:60,0
DA:61,0
DA:62,0
DA:67,0
DA:71,0
DA:74,2
DA:75,0
DA:77,0
DA:84,0
DA:85,0
DA:88,2
DA:89,0
DA:90,0
DA:91,0
DA:96,0
DA:100,0
DA:103,2
DA:104,0
DA:105,0
DA:106,0
DA:111,0
DA:115,0
DA:118,2
DA:119,0
DA:121,0
DA:124,2
DA:125,0
DA:127,0
DA:130,2
DA:131,0
DA:132,0
DA:133,0
DA:138,0
DA:141,0
DA:144,2
DA:145,0
DA:148,2
DA:163,0
DA:204,0
DA:221,1
LF:72
LH:32
BRDA:38,0,0,1
BRDA:47,1,0,0
BRDA:61,2,0,0
BRDA:61,2,1,0
BRDA:90,3,0,0
BRDA:90,3,1,0
BRDA:105,4,0,0
BRDA:105,4,1,0
BRDA:132,5,0,0
BRDA:132,5,1,0
BRDA:196,6,0,1
BRDA:196,6,1,1
BRF:12
BRH:3
end_of_record
TN:
SF:src\main.tsx
FNF:0
FNH:0
DA:1,0
DA:2,0
DA:3,0
DA:4,0
DA:6,0
LF:5
LH:0
BRF:0
BRH:0
end_of_record
TN:
SF:src\vite-env.d.ts
FNF:0
FNH:0
LF:0
LH:0
BRF:0
BRH:0
end_of_record
TN:
SF:src\@types\components\atoms.d.ts
FNF:0
FNH:0
LF:0
LH:0
BRF:0
BRH:0
end_of_record
TN:
SF:src\@types\components\molecules.d.ts
FNF:0
FNH:0
LF:0
LH:0
BRF:0
BRH:0
end_of_record
TN:
SF:src\@types\components\organisms.d.ts
FNF:0
FNH:0
LF:0
LH:0
BRF:0
BRH:0
end_of_record
TN:
SF:src\components\atoms\index.ts
FN:1,(anonymous_1)
FN:2,(anonymous_2)
FNF:2
FNH:2
FNDA:8,(anonymous_1)
FNDA:4,(anonymous_2)
DA:1,9
DA:2,5
LF:2
LH:2
BRF:0
BRH:0
end_of_record
TN:
SF:src\components\atoms\Button\index.tsx
FN:5,(anonymous_7)
FN:13,(anonymous_8)
FN:14,(anonymous_9)
FN:15,(anonymous_10)
FNF:4
FNH:4
FNDA:8,(anonymous_7)
FNDA:4,(anonymous_8)
FNDA:4,(anonymous_9)
FNDA:4,(anonymous_10)
DA:1,1
DA:2,1
DA:5,1
DA:13,8
DA:14,4
DA:15,8
DA:16,4
DA:19,4
DA:23,8
DA:41,1
LF:10
LH:10
BRF:0
BRH:0
end_of_record
TN:
SF:src\components\atoms\Input\index.tsx
FN:4,(anonymous_1)
FNF:1
FNH:1
FNDA:4,(anonymous_1)
DA:2,1
DA:4,1
DA:12,4
DA:13,0
DA:27,4
DA:44,1
LF:6
LH:5
BRDA:12,0,0,0
BRF:1
BRH:0
end_of_record
TN:
SF:src\components\molecules\index.ts
FN:1,(anonymous_1)
FNF:1
FNH:0
FNDA:0,(anonymous_1)
DA:1,1
LF:1
LH:1
BRF:0
BRH:0
end_of_record
TN:
SF:src\components\molecules\Dropdown\index.tsx
FN:5,(anonymous_6)
FN:9,(anonymous_7)
FN:10,(anonymous_8)
FN:11,(anonymous_9)
FN:19,(anonymous_10)
FNF:5
FNH:0
FNDA:0,(anonymous_6)
FNDA:0,(anonymous_7)
FNDA:0,(anonymous_8)
FNDA:0,(anonymous_9)
FNDA:0,(anonymous_10)
DA:1,1
DA:2,1
DA:5,1
DA:9,0
DA:10,0
DA:11,0
DA:12,0
DA:15,0
DA:19,0
DA:20,0
DA:21,0
DA:36,0
DA:39,0
DA:89,1
LF:14
LH:4
BRDA:20,0,0,0
BRDA:20,0,1,0
BRF:2
BRH:0
end_of_record
TN:
SF:src\components\organisms\index.ts
FN:1,(anonymous_1)
FN:2,(anonymous_2)
FN:3,(anonymous_3)
FNF:3
FNH:2
FNDA:2,(anonymous_1)
FNDA:2,(anonymous_2)
FNDA:0,(anonymous_3)
DA:1,3
DA:2,3
DA:3,1
LF:3
LH:3
BRF:0
BRH:0
end_of_record
TN:
SF:src\components\organisms\Footer\index.tsx
FN:1,(anonymous_0)
FNF:1
FNH:1
FNDA:2,(anonymous_0)
DA:1,1
DA:2,2
DA:8,1
LF:3
LH:3
BRF:0
BRH:0
end_of_record
TN:
SF:src\components\organisms\Header\index.tsx
FN:1,(anonymous_0)
FNF:1
FNH:1
FNDA:2,(anonymous_0)
DA:1,1
DA:2,2
DA:9,1
LF:3
LH:3
BRF:0
BRH:0
end_of_record
TN:
SF:src\components\organisms\TodoItem\index.tsx
FN:13,(anonymous_7)
FN:22,(anonymous_8)
FN:23,(anonymous_9)
FN:24,(anonymous_10)
FN:31,(anonymous_11)
FN:46,(anonymous_12)
FN:72,(anonymous_13)
FN:88,(anonymous_14)
FN:88,(anonymous_15)
FN:104,(anonymous_16)
FNF:10
FNH:0
FNDA:0,(anonymous_7)
FNDA:0,(anonymous_8)
FNDA:0,(anonymous_9)
FNDA:0,(anonymous_10)
FNDA:0,(anonymous_11)
FNDA:0,(anonymous_12)
FNDA:0,(anonymous_13)
FNDA:0,(anonymous_14)
FNDA:0,(anonymous_15)
FNDA:0,(anonymous_16)
DA:1,1
DA:2,1
DA:3,1
DA:4,1
DA:6,1
DA:7,1
DA:8,1
DA:9,1
DA:10,1
DA:13,1
DA:20,0
DA:22,0
DA:23,0
DA:24,0
DA:25,0
DA:28,0
DA:31,0
DA:32,0
DA:33,0
DA:34,0
DA:38,0
DA:46,0
DA:72,0
DA:88,0
DA:104,0
DA:116,1
LF:26
LH:11
BRDA:32,0,0,0
BRDA:49,1,0,0
BRDA:49,1,1,0
BRDA:75,2,0,0
BRDA:75,2,1,0
BRDA:91,3,0,0
BRDA:91,3,1,0
BRF:7
BRH:0
end_of_record
TN:
SF:src\components\templates\index.ts
FN:1,(anonymous_1)
FNF:1
FNH:1
FNDA:2,(anonymous_1)
DA:1,3
LF:1
LH:1
BRF:0
BRH:0
end_of_record
TN:
SF:src\components\templates\Layout\index.tsx
FN:3,(anonymous_0)
FNF:1
FNH:1
FNDA:2,(anonymous_0)
DA:1,1
DA:3,1
DA:4,2
DA:13,1
LF:4
LH:4
BRF:0
BRH:0
end_of_record
TN:
SF:src\config\api\index.ts
FNF:0
FNH:0
DA:1,1
DA:3,1
DA:7,1
LF:3
LH:3
BRF:0
BRH:0
end_of_record
TN:
SF:src\services\index.ts
FN:1,(anonymous_0)
FNF:1
FNH:1
FNDA:2,(anonymous_0)
DA:1,3
LF:1
LH:1
BRF:0
BRH:0
end_of_record
TN:
SF:src\services\todo\index.tsx
FN:3,(anonymous_1)
FNF:1
FNH:1
FNDA:2,(anonymous_1)
DA:1,1
DA:3,1
DA:4,2
DA:6,0
LF:4
LH:3
BRF:0
BRH:0
end_of_record
